C:\Program Files\Microsoft Visual Studio\2022\Community\MSBuild\Microsoft\VC\v160\Microsoft.CppBuild.targets(498,5): warning MSB8004: каталог Intermediate заканчивается не косой чертой.  Этот экземпляр сборки добавит косую черту, поскольку она необходима для правильного определения каталога Intermediate.
C:\Program Files\Microsoft Visual Studio\2022\Community\MSBuild\Microsoft\VC\v160\Microsoft.CppBuild.targets(499,5): warning MSB8004: каталог Output заканчивается не косой чертой.  Этот экземпляр сборки добавит косую черту, поскольку она необходима для правильного определения каталога Output.
  menu.cpp
  Создание кода
  1250 of 20080 functions ( 6.2%) were compiled, the rest were copied from previous compilation.
    0 functions were new in current compilation
    587 functions had inline decision re-evaluated but remain unchanged
  Создание кода завершено
Lua.lib(lapi.obj) : warning LNK4099: "Lua.pdb" PDB не найден с "Lua.lib(lapi.obj)" или на "C:\Users\buchi\Desktop\source 2k20\cracklwblya\legendware\build\Lua.pdb"; компоновка объекта выполняется как при отсутствии отладочных данных
Lua.lib(lauxlib.obj) : warning LNK4099: "Lua.pdb" PDB не найден с "Lua.lib(lauxlib.obj)" или на "C:\Users\buchi\Desktop\source 2k20\cracklwblya\legendware\build\Lua.pdb"; компоновка объекта выполняется как при отсутствии отладочных данных
Lua.lib(lbaselib.obj) : warning LNK4099: "Lua.pdb" PDB не найден с "Lua.lib(lbaselib.obj)" или на "C:\Users\buchi\Desktop\source 2k20\cracklwblya\legendware\build\Lua.pdb"; компоновка объекта выполняется как при отсутствии отладочных данных
Lua.lib(lcode.obj) : warning LNK4099: "Lua.pdb" PDB не найден с "Lua.lib(lcode.obj)" или на "C:\Users\buchi\Desktop\source 2k20\cracklwblya\legendware\build\Lua.pdb"; компоновка объекта выполняется как при отсутствии отладочных данных
Lua.lib(lcorolib.obj) : warning LNK4099: "Lua.pdb" PDB не найден с "Lua.lib(lcorolib.obj)" или на "C:\Users\buchi\Desktop\source 2k20\cracklwblya\legendware\build\Lua.pdb"; компоновка объекта выполняется как при отсутствии отладочных данных
Lua.lib(lctype.obj) : warning LNK4099: "Lua.pdb" PDB не найден с "Lua.lib(lctype.obj)" или на "C:\Users\buchi\Desktop\source 2k20\cracklwblya\legendware\build\Lua.pdb"; компоновка объекта выполняется как при отсутствии отладочных данных
Lua.lib(ldblib.obj) : warning LNK4099: "Lua.pdb" PDB не найден с "Lua.lib(ldblib.obj)" или на "C:\Users\buchi\Desktop\source 2k20\cracklwblya\legendware\build\Lua.pdb"; компоновка объекта выполняется как при отсутствии отладочных данных
Lua.lib(ldebug.obj) : warning LNK4099: "Lua.pdb" PDB не найден с "Lua.lib(ldebug.obj)" или на "C:\Users\buchi\Desktop\source 2k20\cracklwblya\legendware\build\Lua.pdb"; компоновка объекта выполняется как при отсутствии отладочных данных
Lua.lib(ldo.obj) : warning LNK4099: "Lua.pdb" PDB не найден с "Lua.lib(ldo.obj)" или на "C:\Users\buchi\Desktop\source 2k20\cracklwblya\legendware\build\Lua.pdb"; компоновка объекта выполняется как при отсутствии отладочных данных
Lua.lib(ldump.obj) : warning LNK4099: "Lua.pdb" PDB не найден с "Lua.lib(ldump.obj)" или на "C:\Users\buchi\Desktop\source 2k20\cracklwblya\legendware\build\Lua.pdb"; компоновка объекта выполняется как при отсутствии отладочных данных
Lua.lib(lfunc.obj) : warning LNK4099: "Lua.pdb" PDB не найден с "Lua.lib(lfunc.obj)" или на "C:\Users\buchi\Desktop\source 2k20\cracklwblya\legendware\build\Lua.pdb"; компоновка объекта выполняется как при отсутствии отладочных данных
Lua.lib(lgc.obj) : warning LNK4099: "Lua.pdb" PDB не найден с "Lua.lib(lgc.obj)" или на "C:\Users\buchi\Desktop\source 2k20\cracklwblya\legendware\build\Lua.pdb"; компоновка объекта выполняется как при отсутствии отладочных данных
Lua.lib(linit.obj) : warning LNK4099: "Lua.pdb" PDB не найден с "Lua.lib(linit.obj)" или на "C:\Users\buchi\Desktop\source 2k20\cracklwblya\legendware\build\Lua.pdb"; компоновка объекта выполняется как при отсутствии отладочных данных
Lua.lib(liolib.obj) : warning LNK4099: "Lua.pdb" PDB не найден с "Lua.lib(liolib.obj)" или на "C:\Users\buchi\Desktop\source 2k20\cracklwblya\legendware\build\Lua.pdb"; компоновка объекта выполняется как при отсутствии отладочных данных
Lua.lib(llex.obj) : warning LNK4099: "Lua.pdb" PDB не найден с "Lua.lib(llex.obj)" или на "C:\Users\buchi\Desktop\source 2k20\cracklwblya\legendware\build\Lua.pdb"; компоновка объекта выполняется как при отсутствии отладочных данных
Lua.lib(lmathlib.obj) : warning LNK4099: "Lua.pdb" PDB не найден с "Lua.lib(lmathlib.obj)" или на "C:\Users\buchi\Desktop\source 2k20\cracklwblya\legendware\build\Lua.pdb"; компоновка объекта выполняется как при отсутствии отладочных данных
Lua.lib(lmem.obj) : warning LNK4099: "Lua.pdb" PDB не найден с "Lua.lib(lmem.obj)" или на "C:\Users\buchi\Desktop\source 2k20\cracklwblya\legendware\build\Lua.pdb"; компоновка объекта выполняется как при отсутствии отладочных данных
Lua.lib(loadlib.obj) : warning LNK4099: "Lua.pdb" PDB не найден с "Lua.lib(loadlib.obj)" или на "C:\Users\buchi\Desktop\source 2k20\cracklwblya\legendware\build\Lua.pdb"; компоновка объекта выполняется как при отсутствии отладочных данных
Lua.lib(lobject.obj) : warning LNK4099: "Lua.pdb" PDB не найден с "Lua.lib(lobject.obj)" или на "C:\Users\buchi\Desktop\source 2k20\cracklwblya\legendware\build\Lua.pdb"; компоновка объекта выполняется как при отсутствии отладочных данных
Lua.lib(lopcodes.obj) : warning LNK4099: "Lua.pdb" PDB не найден с "Lua.lib(lopcodes.obj)" или на "C:\Users\buchi\Desktop\source 2k20\cracklwblya\legendware\build\Lua.pdb"; компоновка объекта выполняется как при отсутствии отладочных данных
Lua.lib(loslib.obj) : warning LNK4099: "Lua.pdb" PDB не найден с "Lua.lib(loslib.obj)" или на "C:\Users\buchi\Desktop\source 2k20\cracklwblya\legendware\build\Lua.pdb"; компоновка объекта выполняется как при отсутствии отладочных данных
Lua.lib(lparser.obj) : warning LNK4099: "Lua.pdb" PDB не найден с "Lua.lib(lparser.obj)" или на "C:\Users\buchi\Desktop\source 2k20\cracklwblya\legendware\build\Lua.pdb"; компоновка объекта выполняется как при отсутствии отладочных данных
Lua.lib(lstate.obj) : warning LNK4099: "Lua.pdb" PDB не найден с "Lua.lib(lstate.obj)" или на "C:\Users\buchi\Desktop\source 2k20\cracklwblya\legendware\build\Lua.pdb"; компоновка объекта выполняется как при отсутствии отладочных данных
Lua.lib(lstring.obj) : warning LNK4099: "Lua.pdb" PDB не найден с "Lua.lib(lstring.obj)" или на "C:\Users\buchi\Desktop\source 2k20\cracklwblya\legendware\build\Lua.pdb"; компоновка объекта выполняется как при отсутствии отладочных данных
Lua.lib(lstrlib.obj) : warning LNK4099: "Lua.pdb" PDB не найден с "Lua.lib(lstrlib.obj)" или на "C:\Users\buchi\Desktop\source 2k20\cracklwblya\legendware\build\Lua.pdb"; компоновка объекта выполняется как при отсутствии отладочных данных
Lua.lib(ltable.obj) : warning LNK4099: "Lua.pdb" PDB не найден с "Lua.lib(ltable.obj)" или на "C:\Users\buchi\Desktop\source 2k20\cracklwblya\legendware\build\Lua.pdb"; компоновка объекта выполняется как при отсутствии отладочных данных
Lua.lib(ltablib.obj) : warning LNK4099: "Lua.pdb" PDB не найден с "Lua.lib(ltablib.obj)" или на "C:\Users\buchi\Desktop\source 2k20\cracklwblya\legendware\build\Lua.pdb"; компоновка объекта выполняется как при отсутствии отладочных данных
Lua.lib(ltm.obj) : warning LNK4099: "Lua.pdb" PDB не найден с "Lua.lib(ltm.obj)" или на "C:\Users\buchi\Desktop\source 2k20\cracklwblya\legendware\build\Lua.pdb"; компоновка объекта выполняется как при отсутствии отладочных данных
Lua.lib(lundump.obj) : warning LNK4099: "Lua.pdb" PDB не найден с "Lua.lib(lundump.obj)" или на "C:\Users\buchi\Desktop\source 2k20\cracklwblya\legendware\build\Lua.pdb"; компоновка объекта выполняется как при отсутствии отладочных данных
Lua.lib(lutf8lib.obj) : warning LNK4099: "Lua.pdb" PDB не найден с "Lua.lib(lutf8lib.obj)" или на "C:\Users\buchi\Desktop\source 2k20\cracklwblya\legendware\build\Lua.pdb"; компоновка объекта выполняется как при отсутствии отладочных данных
Lua.lib(lvm.obj) : warning LNK4099: "Lua.pdb" PDB не найден с "Lua.lib(lvm.obj)" или на "C:\Users\buchi\Desktop\source 2k20\cracklwblya\legendware\build\Lua.pdb"; компоновка объекта выполняется как при отсутствии отладочных данных
Lua.lib(lzio.obj) : warning LNK4099: "Lua.pdb" PDB не найден с "Lua.lib(lzio.obj)" или на "C:\Users\buchi\Desktop\source 2k20\cracklwblya\legendware\build\Lua.pdb"; компоновка объекта выполняется как при отсутствии отладочных данных
  legendware.vcxproj -> C:\Users\buchi\Desktop\source 2k20\cracklwblya\legendware\build\build.dll
